Library/Bee/Android/Prj/Mono2x/Gradle/launcher/build/intermediates/manifest_merge_blame_file/release/manifest-merger-blame-release-report.txt
1<?xml version="1.0" encoding="utf-8"?>
2<manifest xmlns:android="http://schemas.android.com/apk/res/android"
3    package="com.DefaultCompany.PookiePark"
4    android:installLocation="preferExternal"
5    android:versionCode="1"
6    android:versionName="1.0" >
7
8    <uses-sdk
9        android:minSdkVersion="22"
9-->src\main\AndroidManifest.xml
10        android:targetSdkVersion="35" />
10-->src\main\AndroidManifest.xml
11
12    <supports-screens
12-->src\main\AndroidManifest.xml:3:3-163
13        android:anyDensity="true"
13-->src\main\AndroidManifest.xml:3:135-160
14        android:largeScreens="true"
14-->src\main\AndroidManifest.xml:3:78-105
15        android:normalScreens="true"
15-->src\main\AndroidManifest.xml:3:49-77
16        android:smallScreens="true"
16-->src\main\AndroidManifest.xml:3:21-48
17        android:xlargeScreens="true" />
17-->src\main\AndroidManifest.xml:3:106-134
18
19    <uses-feature android:glEsVersion="0x00030000" />
19-->[:unityLibrary] AndroidManifest.xml:8:5-54
19-->[:unityLibrary] AndroidManifest.xml:8:19-51
20    <uses-feature
20-->[:unityLibrary] AndroidManifest.xml:9:5-11:36
21        android:name="android.hardware.vulkan.version"
21-->[:unityLibrary] AndroidManifest.xml:10:9-55
22        android:required="false" />
22-->[:unityLibrary] AndroidManifest.xml:11:9-33
23
24    <uses-permission android:name="android.permission.INTERNET" />
24-->[:unityLibrary] AndroidManifest.xml:13:5-67
24-->[:unityLibrary] AndroidManifest.xml:13:22-64
25    <uses-permission android:name="android.permission.ACCESS_NETWORK_STATE" />
25-->[:unityLibrary] AndroidManifest.xml:14:5-79
25-->[:unityLibrary] AndroidManifest.xml:14:22-76
26    <uses-permission android:name="android.permission.RECORD_AUDIO" />
26-->[:unityLibrary] AndroidManifest.xml:15:5-71
26-->[:unityLibrary] AndroidManifest.xml:15:22-68
27    <uses-permission android:name="android.permission.MODIFY_AUDIO_SETTINGS" />
27-->[:unityLibrary] AndroidManifest.xml:16:5-80
27-->[:unityLibrary] AndroidManifest.xml:16:22-77
28    <uses-permission android:name="android.permission.BLUETOOTH" />
28-->[:unityLibrary] AndroidManifest.xml:17:5-68
28-->[:unityLibrary] AndroidManifest.xml:17:22-65
29
30    <uses-feature
30-->[:unityLibrary] AndroidManifest.xml:19:5-21:36
31        android:name="android.hardware.microphone"
31-->[:unityLibrary] AndroidManifest.xml:20:9-51
32        android:required="false" />
32-->[:unityLibrary] AndroidManifest.xml:21:9-33
33    <uses-feature
33-->[:unityLibrary] AndroidManifest.xml:22:5-24:36
34        android:name="android.hardware.touchscreen"
34-->[:unityLibrary] AndroidManifest.xml:23:9-52
35        android:required="false" />
35-->[:unityLibrary] AndroidManifest.xml:24:9-33
36    <uses-feature
36-->[:unityLibrary] AndroidManifest.xml:25:5-27:36
37        android:name="android.hardware.touchscreen.multitouch"
37-->[:unityLibrary] AndroidManifest.xml:26:9-63
38        android:required="false" />
38-->[:unityLibrary] AndroidManifest.xml:27:9-33
39    <uses-feature
39-->[:unityLibrary] AndroidManifest.xml:28:5-30:36
40        android:name="android.hardware.touchscreen.multitouch.distinct"
40-->[:unityLibrary] AndroidManifest.xml:29:9-72
41        android:required="false" />
41-->[:unityLibrary] AndroidManifest.xml:30:9-33
42
43    <application
43-->src\main\AndroidManifest.xml:4:3-83
44        android:extractNativeLibs="true"
44-->[:unityLibrary] AndroidManifest.xml:32:18-50
45        android:icon="@mipmap/app_icon"
45-->src\main\AndroidManifest.xml:4:49-80
46        android:label="@string/app_name" >
46-->src\main\AndroidManifest.xml:4:16-48
47        <activity
47-->[:unityLibrary] AndroidManifest.xml:33:9-54:20
48            android:name="com.unity3d.player.UnityPlayerActivity"
48-->[:unityLibrary] AndroidManifest.xml:34:13-66
49            android:configChanges="mcc|mnc|locale|touchscreen|keyboard|keyboardHidden|navigation|orientation|screenLayout|uiMode|screenSize|smallestScreenSize|fontScale|layoutDirection|density"
49-->[:unityLibrary] AndroidManifest.xml:35:13-194
50            android:exported="true"
50-->[:unityLibrary] AndroidManifest.xml:36:13-36
51            android:hardwareAccelerated="false"
51-->[:unityLibrary] AndroidManifest.xml:37:13-48
52            android:launchMode="singleTask"
52-->[:unityLibrary] AndroidManifest.xml:38:13-44
53            android:resizeableActivity="false"
53-->[:unityLibrary] AndroidManifest.xml:39:13-47
54            android:screenOrientation="userLandscape"
54-->[:unityLibrary] AndroidManifest.xml:40:13-54
55            android:theme="@style/UnityThemeSelector" >
55-->[:unityLibrary] AndroidManifest.xml:41:13-54
56            <intent-filter>
56-->[:unityLibrary] AndroidManifest.xml:42:13-46:29
57                <action android:name="android.intent.action.MAIN" />
57-->[:unityLibrary] AndroidManifest.xml:43:17-69
57-->[:unityLibrary] AndroidManifest.xml:43:25-66
58
59                <category android:name="android.intent.category.LAUNCHER" />
59-->[:unityLibrary] AndroidManifest.xml:45:17-77
59-->[:unityLibrary] AndroidManifest.xml:45:27-74
60            </intent-filter>
61
62            <meta-data
62-->[:unityLibrary] AndroidManifest.xml:48:13-50:40
63                android:name="unityplayer.UnityActivity"
63-->[:unityLibrary] AndroidManifest.xml:49:17-57
64                android:value="true" />
64-->[:unityLibrary] AndroidManifest.xml:50:17-37
65            <meta-data
65-->[:unityLibrary] AndroidManifest.xml:51:13-53:40
66                android:name="android.notch_support"
66-->[:unityLibrary] AndroidManifest.xml:52:17-53
67                android:value="true" />
67-->[:unityLibrary] AndroidManifest.xml:53:17-37
68        </activity>
69
70        <meta-data
70-->[:unityLibrary] AndroidManifest.xml:56:9-58:33
71            android:name="unity.splash-mode"
71-->[:unityLibrary] AndroidManifest.xml:57:13-45
72            android:value="0" />
72-->[:unityLibrary] AndroidManifest.xml:58:13-30
73        <meta-data
73-->[:unityLibrary] AndroidManifest.xml:59:9-61:36
74            android:name="unity.splash-enable"
74-->[:unityLibrary] AndroidManifest.xml:60:13-47
75            android:value="True" />
75-->[:unityLibrary] AndroidManifest.xml:61:13-33
76        <meta-data
76-->[:unityLibrary] AndroidManifest.xml:62:9-64:36
77            android:name="unity.launch-fullscreen"
77-->[:unityLibrary] AndroidManifest.xml:63:13-51
78            android:value="True" />
78-->[:unityLibrary] AndroidManifest.xml:64:13-33
79        <meta-data
79-->[:unityLibrary] AndroidManifest.xml:65:9-67:50
80            android:name="notch.config"
80-->[:unityLibrary] AndroidManifest.xml:66:13-40
81            android:value="portrait|landscape" />
81-->[:unityLibrary] AndroidManifest.xml:67:13-47
82        <meta-data
82-->[:unityLibrary] AndroidManifest.xml:68:9-70:36
83            android:name="unity.auto-report-fully-drawn"
83-->[:unityLibrary] AndroidManifest.xml:69:13-57
84            android:value="true" />
84-->[:unityLibrary] AndroidManifest.xml:70:13-33
85    </application>
86
87</manifest>